#
# There is insufficient memory for the Java Runtime Environment to continue.
# Native memory allocation (malloc) failed to allocate 1048576 bytes for AllocateHeap
# Possible reasons:
#   The system is out of physical RAM or swap space
#   The process is running with CompressedOops enabled, and the Java Heap may be blocking the growth of the native heap
# Possible solutions:
#   Reduce memory load on the system
#   Increase physical memory or swap space
#   Check if swap backing store is full
#   Decrease Java heap size (-Xmx/-Xms)
#   Decrease number of Java threads
#   Decrease Java thread stack sizes (-Xss)
#   Set larger code cache with -XX:ReservedCodeCacheSize=
#   JVM is running with Unscaled Compressed Oops mode in which the Java heap is
#     placed in the first 4GB address space. The Java Heap base address is the
#     maximum limit for the native heap growth. Please use -XX:HeapBaseMinAddress
#     to set the Java Heap base and to place the Java Heap above 4GB virtual address.
# This output file may be truncated or incomplete.
#
#  Out of Memory Error (./src/hotspot/share/memory/allocation.cpp:46), pid=14696, tid=16092
#
# JRE version: OpenJDK Runtime Environment JBR-11.0.14.1.1-1751.46-dcevm (11.0.14.1+1) (build 11.0.14.1+1-b1751.46)
# Java VM: Dynamic Code Evolution 64-Bit Server VM JBR-11.0.14.1.1-1751.46-dcevm (11.0.14.1+1-b1751.46, mixed mode, tiered, compressed oops, g1 gc, windows-amd64)
# No core dump will be written. Minidumps are not enabled by default on client versions of Windows
#

---------------  S U M M A R Y ------------

Command Line: git4idea.http.GitAskPassApp Password for 'https://x-oauth-basic@github.com': 

Host: Intel(R) Core(TM) i5-8250U CPU @ 1.60GHz, 8 cores, 7G,  Windows 10 , 64 bit Build 19041 (10.0.19041.1466)
Time: Sat Apr  2 18:11:18 2022 Mitteleuropäische Sommerzeit elapsed time: 0.317203 seconds (0d 0h 0m 0s)

---------------  T H R E A D  ---------------

Current thread (0x000001c116186800):  VMThread "VM Thread" [stack: 0x0000003d42a00000,0x0000003d42b00000] [id=16092]

Stack: [0x0000003d42a00000,0x0000003d42b00000]
[error occurred during error reporting (printing stack bounds), id 0xc0000005, EXCEPTION_ACCESS_VIOLATION (0xc0000005) at pc=0x000001c10000112d]

Native frames: (J=compiled Java code, j=interpreted, Vv=VM code, C=native code)
V  [jvm.dll+0x621e6a]
V  [jvm.dll+0x7a8cc0]
V  [jvm.dll+0x7aa2dd]
V  [jvm.dll+0x7aa915]
V  [jvm.dll+0x7aa8cb]
V  [jvm.dll+0x620fa4]
V  [jvm.dll+0x621728]
C  [ntdll.dll+0xa20cf]
C  [ntdll.dll+0x51454]
C  [ntdll.dll+0xa0bfe]
C  0x000001c10000112d

VM_Operation (0x0000003d424fa2b0): CollectForMetadataAllocation, mode: safepoint, requested by thread 0x000001c17bbee800


---------------  P R O C E S S  ---------------

Threads class SMR info:
_java_thread_list=0x000001c116b647d0, length=11, elements={
0x000001c17bbee800, 0x000001c1161a9000, 0x000001c1161ac000, 0x000001c116b66800,
0x000001c116b68000, 0x000001c116b69000, 0x000001c1161c1000, 0x000001c1161c8000,
0x000001c1161d4000, 0x000001c116cd6800, 0x000001c116ce7800
}

Java Threads: ( => current thread )
  0x000001c17bbee800 JavaThread "main" [_thread_blocked, id=10460, stack(0x0000003d42400000,0x0000003d42500000)]
  0x000001c1161a9000 JavaThread "Reference Handler" daemon [_thread_blocked, id=7492, stack(0x0000003d42b00000,0x0000003d42c00000)]
  0x000001c1161ac000 JavaThread "Finalizer" daemon [_thread_blocked, id=11660, stack(0x0000003d42c00000,0x0000003d42d00000)]
  0x000001c116b66800 JavaThread "Signal Dispatcher" daemon [_thread_blocked, id=13952, stack(0x0000003d42d00000,0x0000003d42e00000)]
  0x000001c116b68000 JavaThread "Attach Listener" daemon [_thread_blocked, id=7776, stack(0x0000003d42e00000,0x0000003d42f00000)]
  0x000001c116b69000 JavaThread "Service Thread" daemon [_thread_blocked, id=12716, stack(0x0000003d42f00000,0x0000003d43000000)]
  0x000001c1161c1000 JavaThread "C2 CompilerThread0" daemon [_thread_blocked, id=3640, stack(0x0000003d43000000,0x0000003d43100000)]
  0x000001c1161c8000 JavaThread "C1 CompilerThread0" daemon [_thread_blocked, id=2460, stack(0x0000003d43100000,0x0000003d43200000)]
  0x000001c1161d4000 JavaThread "Sweeper thread" daemon [_thread_blocked, id=3852, stack(0x0000003d43200000,0x0000003d43300000)]
  0x000001c116cd6800 JavaThread "Common-Cleaner" daemon [_thread_blocked, id=3392, stack(0x0000003d43400000,0x0000003d43500000)]
  0x000001c116ce7800 JavaThread "C2 CompilerThread1" daemon [_thread_blocked, id=16164, stack(0x0000003d43500000,0x0000003d43600000)]

Other Threads:
=>0x000001c116186800 VMThread "VM Thread" [stack: 0x0000003d42a00000,0x0000003d42b00000] [id=16092]
  0x000001c116cc3000 WatcherThread [stack: 0x0000003d43300000,0x0000003d43400000] [id=11700]
  0x000001c17bc07000 GCTaskThread "GC Thread#0" [stack: 0x0000003d42500000,0x0000003d42600000] [id=16232]
  0x000001c116e7c000 GCTaskThread "GC Thread#1" [stack: 0x0000003d43600000,0x0000003d43700000] [id=13528]
  0x000001c116e5f800 GCTaskThread "GC Thread#2" [stack: 0x0000003d43700000,0x0000003d43800000] [id=10044]
  0x000001c17bc3b000 ConcurrentGCThread "G1 Main Marker" [stack: 0x0000003d42600000,0x0000003d42700000] [id=4540]
  0x000001c17bc3d000 ConcurrentGCThread "G1 Conc#0" [stack: 0x0000003d42700000,0x0000003d42800000] [id=2080]
  0x000001c116f18000 ConcurrentGCThread "G1 Conc#1" [stack: 0x0000003d43800000,0x0000003d43900000] [id=1968]
  0x000001c17bcce000 ConcurrentGCThread "G1 Refine#0" [stack: 0x0000003d42800000,0x0000003d42900000] [id=2992]
  0x000001c115ff2800 ConcurrentGCThread "G1 Young RemSet Sampling" [stack: 0x0000003d42900000,0x0000003d42a00000] [id=9892]

Threads with active compile tasks:
C2 CompilerThread0    333  277       4       java.lang.ThreadLocal::get (38 bytes)
C2 CompilerThread1    333  274       4       java.lang.String::toUpperCase (29 bytes)

VM state:at safepoint (normal execution)

VM Mutex/Monitor currently owned by a thread:  ([mutex/lock_event])
[0x000001c17bbea6d0] Threads_lock - owner thread: 0x000001c116186800
[0x000001c17bbeb7b0] Heap_lock - owner thread: 0x000001c17bbee800

Heap address: 0x0000000081800000, size: 2024 MB, Compressed Oops mode: 32-bit
Narrow klass base: 0x0000000000000000, Narrow klass shift: 3
Compressed class space size: 1073741824 Address: 0x0000000100000000

Heap:
 garbage-first heap   total 131072K, used 5381K [0x0000000081800000, 0x0000000100000000)
  region size 1024K, 2 young (2048K), 2 survivors (2048K)
 Metaspace       used 6084K, capacity 6163K, committed 6272K, reserved 1064960K
  class space    used 522K, capacity 541K, committed 640K, reserved 1048576K
Heap Regions: E=young(eden), S=young(survivor), O=old, HS=humongous(starts), HC=humongous(continues), CS=collection set, F=free, A=archive, TAMS=top-at-mark-start (previous, next)
|   0|0x0000000081800000, 0x0000000081900000, 0x0000000081900000|100%|HS|  |TAMS 0x0000000081800000, 0x0000000081900000| Complete 
|   1|0x0000000081900000, 0x0000000081a00000, 0x0000000081a00000|100%|HC|  |TAMS 0x0000000081900000, 0x0000000081a00000| Complete 
|   2|0x0000000081a00000, 0x0000000081b00000, 0x0000000081b00000|100%|HC|  |TAMS 0x0000000081a00000, 0x0000000081b00000| Complete 
|   3|0x0000000081b00000, 0x0000000081c00000, 0x0000000081c00000|100%|HC|  |TAMS 0x0000000081b00000, 0x0000000081c00000| Complete 
|   4|0x0000000081c00000, 0x0000000081c00000, 0x0000000081d00000|  0%| F|  |TAMS 0x0000000081c00000, 0x0000000081c00000| Untracked 
|   5|0x0000000081d00000, 0x0000000081d00000, 0x0000000081e00000|  0%| F|  |TAMS 0x0000000081d00000, 0x0000000081d00000| Untracked 
|   6|0x0000000081e00000, 0x0000000081e00000, 0x0000000081f00000|  0%| F|  |TAMS 0x0000000081e00000, 0x0000000081e00000| Untracked 
|   7|0x0000000081f00000, 0x0000000081f00000, 0x0000000082000000|  0%| F|  |TAMS 0x0000000081f00000, 0x0000000081f00000| Untracked 
|   8|0x0000000082000000, 0x0000000082000000, 0x0000000082100000|  0%| F|  |TAMS 0x0000000082000000, 0x0000000082000000| Untracked 
|   9|0x0000000082100000, 0x0000000082100000, 0x0000000082200000|  0%| F|  |TAMS 0x0000000082100000, 0x0000000082100000| Untracked 
|  10|0x0000000082200000, 0x0000000082200000, 0x0000000082300000|  0%| F|  |TAMS 0x0000000082200000, 0x0000000082200000| Untracked 
|  11|0x0000000082300000, 0x0000000082300000, 0x0000000082400000|  0%| F|  |TAMS 0x0000000082300000, 0x0000000082300000| Untracked 
|  12|0x0000000082400000, 0x0000000082400000, 0x0000000082500000|  0%| F|  |TAMS 0x0000000082400000, 0x0000000082400000| Untracked 
|  13|0x0000000082500000, 0x0000000082500000, 0x0000000082600000|  0%| F|  |TAMS 0x0000000082500000, 0x0000000082500000| Untracked 
|  14|0x0000000082600000, 0x0000000082600000, 0x0000000082700000|  0%| F|  |TAMS 0x0000000082600000, 0x0000000082600000| Untracked 
|  15|0x0000000082700000, 0x0000000082700000, 0x0000000082800000|  0%| F|  |TAMS 0x0000000082700000, 0x0000000082700000| Untracked 
|  16|0x0000000082800000, 0x0000000082800000, 0x0000000082900000|  0%| F|  |TAMS 0x0000000082800000, 0x0000000082800000| Untracked 
|  17|0x0000000082900000, 0x0000000082900000, 0x0000000082a00000|  0%| F|  |TAMS 0x0000000082900000, 0x0000000082900000| Untracked 
|  18|0x0000000082a00000, 0x0000000082a00000, 0x0000000082b00000|  0%| F|  |TAMS 0x0000000082a00000, 0x0000000082a00000| Untracked 
|  19|0x0000000082b00000, 0x0000000082b00000, 0x0000000082c00000|  0%| F|  |TAMS 0x0000000082b00000, 0x0000000082b00000| Untracked 
|  20|0x0000000082c00000, 0x0000000082c00000, 0x0000000082d00000|  0%| F|  |TAMS 0x0000000082c00000, 0x0000000082c00000| Untracked 
|  21|0x0000000082d00000, 0x0000000082d00000, 0x0000000082e00000|  0%| F|  |TAMS 0x0000000082d00000, 0x0000000082d00000| Untracked 
|  22|0x0000000082e00000, 0x0000000082e00000, 0x0000000082f00000|  0%| F|  |TAMS 0x0000000082e00000, 0x0000000082e00000| Untracked 
|  23|0x0000000082f00000, 0x0000000082f00000, 0x0000000083000000|  0%| F|  |TAMS 0x0000000082f00000, 0x0000000082f00000| Untracked 
|  24|0x0000000083000000, 0x0000000083000000, 0x0000000083100000|  0%| F|  |TAMS 0x0000000083000000, 0x0000000083000000| Untracked 
|  25|0x0000000083100000, 0x0000000083100000, 0x0000000083200000|  0%| F|  |TAMS 0x0000000083100000, 0x0000000083100000| Untracked 
|  26|0x0000000083200000, 0x0000000083200000, 0x0000000083300000|  0%| F|  |TAMS 0x0000000083200000, 0x0000000083200000| Untracked 
|  27|0x0000000083300000, 0x0000000083300000, 0x0000000083400000|  0%| F|  |TAMS 0x0000000083300000, 0x0000000083300000| Untracked 
|  28|0x0000000083400000, 0x0000000083400000, 0x0000000083500000|  0%| F|  |TAMS 0x0000000083400000, 0x0000000083400000| Untracked 
|  29|0x0000000083500000, 0x0000000083500000, 0x0000000083600000|  0%| F|  |TAMS 0x0000000083500000, 0x0000000083500000| Untracked 
|  30|0x0000000083600000, 0x0000000083600000, 0x0000000083700000|  0%| F|  |TAMS 0x0000000083600000, 0x0000000083600000| Untracked 
|  31|0x0000000083700000, 0x0000000083700000, 0x0000000083800000|  0%| F|  |TAMS 0x0000000083700000, 0x0000000083700000| Untracked 
|  32|0x0000000083800000, 0x0000000083800000, 0x0000000083900000|  0%| F|  |TAMS 0x0000000083800000, 0x0000000083800000| Untracked 
|  33|0x0000000083900000, 0x0000000083900000, 0x0000000083a00000|  0%| F|  |TAMS 0x0000000083900000, 0x0000000083900000| Untracked 
|  34|0x0000000083a00000, 0x0000000083a00000, 0x0000000083b00000|  0%| F|  |TAMS 0x0000000083a00000, 0x0000000083a00000| Untracked 
|  35|0x0000000083b00000, 0x0000000083b00000, 0x0000000083c00000|  0%| F|  |TAMS 0x0000000083b00000, 0x0000000083b00000| Untracked 
|  36|0x0000000083c00000, 0x0000000083c00000, 0x0000000083d00000|  0%| F|  |TAMS 0x0000000083c00000, 0x0000000083c00000| Untracked 
|  37|0x0000000083d00000, 0x0000000083d00000, 0x0000000083e00000|  0%| F|  |TAMS 0x0000000083d00000, 0x0000000083d00000| Untracked 
|  38|0x0000000083e00000, 0x0000000083e00000, 0x0000000083f00000|  0%| F|  |TAMS 0x0000000083e00000, 0x0000000083e00000| Untracked 
|  39|0x0000000083f00000, 0x0000000083f00000, 0x0000000084000000|  0%| F|  |TAMS 0x0000000083f00000, 0x0000000083f00000| Untracked 
|  40|0x0000000084000000, 0x0000000084000000, 0x0000000084100000|  0%| F|  |TAMS 0x0000000084000000, 0x0000000084000000| Untracked 
|  41|0x0000000084100000, 0x0000000084100000, 0x0000000084200000|  0%| F|  |TAMS 0x0000000084100000, 0x0000000084100000| Untracked 
|  42|0x0000000084200000, 0x0000000084200000, 0x0000000084300000|  0%| F|  |TAMS 0x0000000084200000, 0x0000000084200000| Untracked 
|  43|0x0000000084300000, 0x0000000084300000, 0x0000000084400000|  0%| F|  |TAMS 0x0000000084300000, 0x0000000084300000| Untracked 
|  44|0x0000000084400000, 0x0000000084400000, 0x0000000084500000|  0%| F|  |TAMS 0x0000000084400000, 0x0000000084400000| Untracked 
|  45|0x0000000084500000, 0x0000000084500000, 0x0000000084600000|  0%| F|  |TAMS 0x0000000084500000, 0x0000000084500000| Untracked 
|  46|0x0000000084600000, 0x0000000084600000, 0x0000000084700000|  0%| F|  |TAMS 0x0000000084600000, 0x0000000084600000| Untracked 
|  47|0x0000000084700000, 0x0000000084700000, 0x0000000084800000|  0%| F|  |TAMS 0x0000000084700000, 0x0000000084700000| Untracked 
|  48|0x0000000084800000, 0x0000000084800000, 0x0000000084900000|  0%| F|  |TAMS 0x0000000084800000, 0x0000000084800000| Untracked 
|  49|0x0000000084900000, 0x0000000084900000, 0x0000000084a00000|  0%| F|  |TAMS 0x0000000084900000, 0x0000000084900000| Untracked 
|  50|0x0000000084a00000, 0x0000000084a00000, 0x0000000084b00000|  0%| F|  |TAMS 0x0000000084a00000, 0x0000000084a00000| Untracked 
|  51|0x0000000084b00000, 0x0000000084b00000, 0x0000000084c00000|  0%| F|  |TAMS 0x0000000084b00000, 0x0000000084b00000| Untracked 
|  52|0x0000000084c00000, 0x0000000084c00000, 0x0000000084d00000|  0%| F|  |TAMS 0x0000000084c00000, 0x0000000084c00000| Untracked 
|  53|0x0000000084d00000, 0x0000000084d00000, 0x0000000084e00000|  0%| F|  |TAMS 0x0000000084d00000, 0x0000000084d00000| Untracked 
|  54|0x0000000084e00000, 0x0000000084e00000, 0x0000000084f00000|  0%| F|  |TAMS 0x0000000084e00000, 0x0000000084e00000| Untracked 
|  55|0x0000000084f00000, 0x0000000084f00000, 0x0000000085000000|  0%| F|  |TAMS 0x0000000084f00000, 0x0000000084f00000| Untracked 
|  56|0x0000000085000000, 0x0000000085000000, 0x0000000085100000|  0%| F|  |TAMS 0x0000000085000000, 0x0000000085000000| Untracked 
|  57|0x0000000085100000, 0x0000000085100000, 0x0000000085200000|  0%| F|  |TAMS 0x0000000085100000, 0x0000000085100000| Untracked 
|  58|0x0000000085200000, 0x0000000085200000, 0x0000000085300000|  0%| F|  |TAMS 0x0000000085200000, 0x0000000085200000| Untracked 
|  59|0x0000000085300000, 0x0000000085300000, 0x0000000085400000|  0%| F|  |TAMS 0x0000000085300000, 0x0000000085300000| Untracked 
|  60|0x0000000085400000, 0x0000000085400000, 0x0000000085500000|  0%| F|  |TAMS 0x0000000085400000, 0x0000000085400000| Untracked 
|  61|0x0000000085500000, 0x0000000085500000, 0x0000000085600000|  0%| F|  |TAMS 0x0000000085500000, 0x0000000085500000| Untracked 
|  62|0x0000000085600000, 0x0000000085600000, 0x0000000085700000|  0%| F|  |TAMS 0x0000000085600000, 0x0000000085600000| Untracked 
|  63|0x0000000085700000, 0x0000000085700000, 0x0000000085800000|  0%| F|  |TAMS 0x0000000085700000, 0x0000000085700000| Untracked 
|  64|0x0000000085800000, 0x0000000085800000, 0x0000000085900000|  0%| F|  |TAMS 0x0000000085800000, 0x0000000085800000| Untracked 
|  65|0x0000000085900000, 0x0000000085900000, 0x0000000085a00000|  0%| F|  |TAMS 0x0000000085900000, 0x0000000085900000| Untracked 
|  66|0x0000000085a00000, 0x0000000085a00000, 0x0000000085b00000|  0%| F|  |TAMS 0x0000000085a00000, 0x0000000085a00000| Untracked 
|  67|0x0000000085b00000, 0x0000000085b00000, 0x0000000085c00000|  0%| F|  |TAMS 0x0000000085b00000, 0x0000000085b00000| Untracked 
|  68|0x0000000085c00000, 0x0000000085c00000, 0x0000000085d00000|  0%| F|  |TAMS 0x0000000085c00000, 0x0000000085c00000| Untracked 
|  69|0x0000000085d00000, 0x0000000085d00000, 0x0000000085e00000|  0%| F|  |TAMS 0x0000000085d00000, 0x0000000085d00000| Untracked 
|  70|0x0000000085e00000, 0x0000000085e00000, 0x0000000085f00000|  0%| F|  |TAMS 0x0000000085e00000, 0x0000000085e00000| Untracked 
|  71|0x0000000085f00000, 0x0000000085f00000, 0x0000000086000000|  0%| F|  |TAMS 0x0000000085f00000, 0x0000000085f00000| Untracked 
|  72|0x0000000086000000, 0x0000000086000000, 0x0000000086100000|  0%| F|  |TAMS 0x0000000086000000, 0x0000000086000000| Untracked 
|  73|0x0000000086100000, 0x0000000086100000, 0x0000000086200000|  0%| F|  |TAMS 0x0000000086100000, 0x0000000086100000| Untracked 
|  74|0x0000000086200000, 0x0000000086200000, 0x0000000086300000|  0%| F|  |TAMS 0x0000000086200000, 0x0000000086200000| Untracked 
|  75|0x0000000086300000, 0x0000000086300000, 0x0000000086400000|  0%| F|  |TAMS 0x0000000086300000, 0x0000000086300000| Untracked 
|  76|0x0000000086400000, 0x0000000086400000, 0x0000000086500000|  0%| F|  |TAMS 0x0000000086400000, 0x0000000086400000| Untracked 
|  77|0x0000000086500000, 0x0000000086500000, 0x0000000086600000|  0%| F|  |TAMS 0x0000000086500000, 0x0000000086500000| Untracked 
|  78|0x0000000086600000, 0x0000000086600000, 0x0000000086700000|  0%| F|  |TAMS 0x0000000086600000, 0x0000000086600000| Untracked 
|  79|0x0000000086700000, 0x0000000086700000, 0x0000000086800000|  0%| F|  |TAMS 0x0000000086700000, 0x0000000086700000| Untracked 
|  80|0x0000000086800000, 0x0000000086800000, 0x0000000086900000|  0%| F|  |TAMS 0x0000000086800000, 0x0000000086800000| Untracked 
|  81|0x0000000086900000, 0x0000000086900000, 0x0000000086a00000|  0%| F|  |TAMS 0x0000000086900000, 0x0000000086900000| Untracked 
|  82|0x0000000086a00000, 0x0000000086a00000, 0x0000000086b00000|  0%| F|  |TAMS 0x0000000086a00000, 0x0000000086a00000| Untracked 
|  83|0x0000000086b00000, 0x0000000086b00000, 0x0000000086c00000|  0%| F|  |TAMS 0x0000000086b00000, 0x0000000086b00000| Untracked 
|  84|0x0000000086c00000, 0x0000000086c00000, 0x0000000086d00000|  0%| F|  |TAMS 0x0000000086c00000, 0x0000000086c00000| Untracked 
|  85|0x0000000086d00000, 0x0000000086d00000, 0x0000000086e00000|  0%| F|  |TAMS 0x0000000086d00000, 0x0000000086d00000| Untracked 
|  86|0x0000000086e00000, 0x0000000086e00000, 0x0000000086f00000|  0%| F|  |TAMS 0x0000000086e00000, 0x0000000086e00000| Untracked 
|  87|0x0000000086f00000, 0x0000000086f00000, 0x0000000087000000|  0%| F|  |TAMS 0x0000000086f00000, 0x0000000086f00000| Untracked 
|  88|0x0000000087000000, 0x0000000087000000, 0x0000000087100000|  0%| F|  |TAMS 0x0000000087000000, 0x0000000087000000| Untracked 
|  89|0x0000000087100000, 0x0000000087100000, 0x0000000087200000|  0%| F|  |TAMS 0x0000000087100000, 0x0000000087100000| Untracked 
|  90|0x0000000087200000, 0x0000000087200000, 0x0000000087300000|  0%| F|  |TAMS 0x0000000087200000, 0x0000000087200000| Untracked 
|  91|0x0000000087300000, 0x0000000087300000, 0x0000000087400000|  0%| F|  |TAMS 0x0000000087300000, 0x0000000087300000| Untracked 
|  92|0x0000000087400000, 0x0000000087400000, 0x0000000087500000|  0%| F|  |TAMS 0x0000000087400000, 0x0000000087400000| Untracked 
|  93|0x0000000087500000, 0x0000000087500000, 0x0000000087600000|  0%| F|  |TAMS 0x0000000087500000, 0x0000000087500000| Untracked 
|  94|0x0000000087600000, 0x0000000087600000, 0x0000000087700000|  0%| F|  |TAMS 0x0000000087600000, 0x0000000087600000| Untracked 
|  95|0x0000000087700000, 0x0000000087700000, 0x0000000087800000|  0%| F|  |TAMS 0x0000000087700000, 0x0000000087700000| Untracked 
|  96|0x0000000087800000, 0x0000000087800000, 0x0000000087900000|  0%| F|  |TAMS 0x0000000087800000, 0x0000000087800000| Untracked 
|  97|0x0000000087900000, 0x0000000087900000, 0x0000000087a00000|  0%| F|  |TAMS 0x0000000087900000, 0x0000000087900000| Untracked 
|  98|0x0000000087a00000, 0x0000000087a00000, 0x0000000087b00000|  0%| F|  |TAMS 0x0000000087a00000, 0x0000000087a00000| Untracked 
|  99|0x0000000087b00000, 0x0000000087b00000, 0x0000000087c00000|  0%| F|  |TAMS 0x0000000087b00000, 0x0000000087b00000| Untracked 
| 100|0x0000000087c00000, 0x0000000087c00000, 0x0000000087d00000|  0%| F|  |TAMS 0x0000000087c00000, 0x0000000087c00000| Untracked 
| 101|0x0000000087d00000, 0x0000000087d00000, 0x0000000087e00000|  0%| F|  |TAMS 0x0000000087d00000, 0x0000000087d00000| Untracked 
| 102|0x0000000087e00000, 0x0000000087e00000, 0x0000000087f00000|  0%| F|  |TAMS 0x0000000087e00000, 0x0000000087e00000| Untracked 
| 103|0x0000000087f00000, 0x0000000087f00000, 0x0000000088000000|  0%| F|  |TAMS 0x0000000087f00000, 0x0000000087f00000| Untracked 
| 104|0x0000000088000000, 0x0000000088000000, 0x0000000088100000|  0%| F|  |TAMS 0x0000000088000000, 0x0000000088000000| Untracked 
| 105|0x0000000088100000, 0x0000000088100000, 0x0000000088200000|  0%| F|  |TAMS 0x0000000088100000, 0x0000000088100000| Untracked 
| 106|0x0000000088200000, 0x0000000088200000, 0x0000000088300000|  0%| F|  |TAMS 0x0000000088200000, 0x0000000088200000| Untracked 
| 107|0x0000000088300000, 0x0000000088300000, 0x0000000088400000|  0%| F|  |TAMS 0x0000000088300000, 0x0000000088300000| Untracked 
| 108|0x0000000088400000, 0x0000000088400000, 0x0000000088500000|  0%| F|  |TAMS 0x0000000088400000, 0x0000000088400000| Untracked 
| 109|0x0000000088500000, 0x0000000088500000, 0x0000000088600000|  0%| F|  |TAMS 0x0000000088500000, 0x0000000088500000| Untracked 
| 110|0x0000000088600000, 0x0000000088600000, 0x0000000088700000|  0%| F|  |TAMS 0x0000000088600000, 0x0000000088600000| Untracked 
| 111|0x0000000088700000, 0x0000000088700000, 0x0000000088800000|  0%| F|  |TAMS 0x0000000088700000, 0x0000000088700000| Untracked 
| 112|0x0000000088800000, 0x0000000088800000, 0x0000000088900000|  0%| F|  |TAMS 0x0000000088800000, 0x0000000088800000| Untracked 
| 113|0x0000000088900000, 0x0000000088900000, 0x0000000088a00000|  0%| F|  |TAMS 0x0000000088900000, 0x0000000088900000| Untracked 
| 114|0x0000000088a00000, 0x0000000088a00000, 0x0000000088b00000|  0%| F|  |TAMS 0x0000000088a00000, 0x0000000088a00000| Untracked 
| 115|0x0000000088b00000, 0x0000000088b00000, 0x0000000088c00000|  0%| F|  |TAMS 0x0000000088b00000, 0x0000000088b00000| Untracked 
| 116|0x0000000088c00000, 0x0000000088c00000, 0x0000000088d00000|  0%| F|  |TAMS 0x0000000088c00000, 0x0000000088c00000| Untracked 
| 117|0x0000000088d00000, 0x0000000088d00000, 0x0000000088e00000|  0%| F|  |TAMS 0x0000000088d00000, 0x0000000088d00000| Untracked 
| 118|0x0000000088e00000, 0x0000000088e00000, 0x0000000088f00000|  0%| F|  |TAMS 0x0000000088e00000, 0x0000000088e00000| Untracked 
| 119|0x0000000088f00000, 0x0000000088f00000, 0x0000000089000000|  0%| F|  |TAMS 0x0000000088f00000, 0x0000000088f00000| Untracked 
| 120|0x0000000089000000, 0x0000000089000000, 0x0000000089100000|  0%| F|  |TAMS 0x0000000089000000, 0x0000000089000000| Untracked 
| 121|0x0000000089100000, 0x0000000089141548, 0x0000000089200000| 25%| S|CS|TAMS 0x0000000089100000, 0x0000000089100000| Complete 
| 122|0x0000000089200000, 0x0000000089300000, 0x0000000089300000|100%| S|CS|TAMS 0x0000000089200000, 0x0000000089200000| Complete 
| 123|0x0000000089300000, 0x0000000089300000, 0x0000000089400000|  0%| F|  |TAMS 0x0000000089300000, 0x0000000089300000| Untracked 
| 124|0x0000000089400000, 0x0000000089400000, 0x0000000089500000|  0%| F|  |TAMS 0x0000000089400000, 0x0000000089400000| Untracked 
| 125|0x0000000089500000, 0x0000000089500000, 0x0000000089600000|  0%| F|  |TAMS 0x0000000089500000, 0x0000000089500000| Untracked 
| 126|0x0000000089600000, 0x0000000089600000, 0x0000000089700000|  0%| F|  |TAMS 0x0000000089600000, 0x0000000089600000| Untracked 
| 127|0x0000000089700000, 0x0000000089700000, 0x0000000089800000|  0%| F|  |TAMS 0x0000000089700000, 0x0000000089700000| Untracked 

Card table byte_map: [0x000001c10f000000,0x000001c10f400000] _byte_map_base: 0x000001c10ebf4000

Marking Bits (Prev, Next): (CMBitMap*) 0x000001c17bc32638, (CMBitMap*) 0x000001c17bc32670
 Prev Bits: [0x000001c10f800000, 0x000001c1117a0000)
 Next Bits: [0x000001c1117a0000, 0x000001c113740000)

Polling page: 0x000001c179b80000

Metaspace:

Usage:
  Non-class:      5.49 MB capacity,     5.43 MB ( 99%) used,    56.44 KB (  1%) free+waste,     3.38 KB ( <1%) overhead. 
      Class:    541.00 KB capacity,   522.70 KB ( 97%) used,    16.68 KB (  3%) free+waste,     1.63 KB ( <1%) overhead. 
       Both:      6.02 MB capacity,     5.94 MB ( 99%) used,    73.12 KB (  1%) free+waste,     5.00 KB ( <1%) overhead. 

Virtual space:
  Non-class space:       16.00 MB reserved,       5.50 MB ( 34%) committed 
      Class space:        1.00 GB reserved,     640.00 KB ( <1%) committed 
             Both:        1.02 GB reserved,       6.13 MB ( <1%) committed 

Chunk freelists:
   Non-Class:  10.00 KB
       Class:  3.00 KB
        Both:  13.00 KB

MaxMetaspaceSize: 17179869184.00 GB
CompressedClassSpaceSize: 1.00 GB
Initial GC threshold: 20.80 MB
Current GC threshold: 21.12 MB
CDS: off

CodeHeap 'non-profiled nmethods': size=120000Kb used=95Kb max_used=95Kb free=119904Kb
 bounds [0x000001c107ad0000, 0x000001c107d40000, 0x000001c10f000000]
CodeHeap 'profiled nmethods': size=120000Kb used=360Kb max_used=360Kb free=119639Kb
 bounds [0x000001c1005a0000, 0x000001c100810000, 0x000001c107ad0000]
CodeHeap 'non-nmethods': size=5760Kb used=1096Kb max_used=1110Kb free=4664Kb
 bounds [0x000001c100000000, 0x000001c100270000, 0x000001c1005a0000]
 total_blobs=612 nmethods=275 adapters=250
 compilation: enabled
              stopped_count=0, restarted_count=0
 full_count=0

Compilation events (20 events):
Event: 0.293 Thread 0x000001c1161c8000  267       3       jdk.internal.org.objectweb.asm.ByteVector::put12 (64 bytes)
Event: 0.294 Thread 0x000001c1161c8000 nmethod 267 0x000001c1005f8990 code [0x000001c1005f8b60, 0x000001c1005f8d88]
Event: 0.294 Thread 0x000001c1161c8000  268       3       jdk.internal.org.objectweb.asm.ByteVector::putByte (39 bytes)
Event: 0.294 Thread 0x000001c1161c8000 nmethod 268 0x000001c1005f8f10 code [0x000001c1005f90e0, 0x000001c1005f92c8]
Event: 0.294 Thread 0x000001c1161c8000  260       1       java.lang.invoke.LambdaForm$Name::type (5 bytes)
Event: 0.294 Thread 0x000001c1161c8000 nmethod 260 0x000001c107ae5c10 code [0x000001c107ae5dc0, 0x000001c107ae5e78]
Event: 0.295 Thread 0x000001c116ce7800 nmethod 270 0x000001c107ae5f10 code [0x000001c107ae60a0, 0x000001c107ae6298]
Event: 0.295 Thread 0x000001c1161c8000  271       3       java.util.Arrays::copyOf (19 bytes)
Event: 0.296 Thread 0x000001c1161c8000 nmethod 271 0x000001c1005f9410 code [0x000001c1005f95e0, 0x000001c1005f98c8]
Event: 0.296 Thread 0x000001c116ce7800  272       4       java.util.Arrays::copyOfRange (63 bytes)
Event: 0.299 Thread 0x000001c116ce7800 nmethod 272 0x000001c107ae6390 code [0x000001c107ae6520, 0x000001c107ae6778]
Event: 0.300 Thread 0x000001c116ce7800  273       4       java.lang.String::checkBoundsOffCount (61 bytes)
Event: 0.300 Thread 0x000001c116ce7800 nmethod 273 0x000001c107ae6890 code [0x000001c107ae6a20, 0x000001c107ae6ab8]
Event: 0.300 Thread 0x000001c116ce7800  274       4       java.lang.String::toUpperCase (29 bytes)
Event: 0.303 Thread 0x000001c1161c8000  276       3       java.lang.StringLatin1::lastIndexOf (40 bytes)
Event: 0.304 Thread 0x000001c1161c8000 nmethod 276 0x000001c1005f9a10 code [0x000001c1005f9be0, 0x000001c1005f9f98]
Event: 0.305 Thread 0x000001c1161c1000 nmethod 269 0x000001c107ae6b90 code [0x000001c107ae6d80, 0x000001c107ae7678]
Event: 0.305 Thread 0x000001c1161c1000  275       4       java.lang.StringLatin1::indexOf (61 bytes)
Event: 0.310 Thread 0x000001c1161c1000 nmethod 275 0x000001c107ae7b10 code [0x000001c107ae7ca0, 0x000001c107ae7e38]
Event: 0.310 Thread 0x000001c1161c1000  277       4       java.lang.ThreadLocal::get (38 bytes)

GC Heap History (2 events):
Event: 0.312 GC heap before
{Heap before GC invocations=0 (full 0):
 garbage-first heap   total 131072K, used 8192K [0x0000000081800000, 0x0000000100000000)
  region size 1024K, 5 young (5120K), 0 survivors (0K)
 Metaspace       used 6084K, capacity 6163K, committed 6272K, reserved 1062912K
  class space    used 522K, capacity 541K, committed 640K, reserved 1048576K
}
Event: 0.315 GC heap after
{Heap after GC invocations=1 (full 0):
 garbage-first heap   total 131072K, used 5381K [0x0000000081800000, 0x0000000100000000)
  region size 1024K, 2 young (2048K), 2 survivors (2048K)
 Metaspace       used 6084K, capacity 6163K, committed 6272K, reserved 1062912K
  class space    used 522K, capacity 541K, committed 640K, reserved 1048576K
}

Deoptimization events (20 events):
Event: 0.301 Thread 0x000001c17bbee800 DEOPT PACKING pc=0x000001c1005cdea8 sp=0x0000003d424fce20
Event: 0.301 Thread 0x000001c17bbee800 DEOPT UNPACKING pc=0x000001c10004a95e sp=0x0000003d424fc2f0 mode 0
Event: 0.301 Thread 0x000001c17bbee800 DEOPT PACKING pc=0x000001c1005cdea8 sp=0x0000003d424fce20
Event: 0.301 Thread 0x000001c17bbee800 DEOPT UNPACKING pc=0x000001c10004a95e sp=0x0000003d424fc2f0 mode 0
Event: 0.302 Thread 0x000001c17bbee800 DEOPT PACKING pc=0x000001c1005cdea8 sp=0x0000003d424fce20
Event: 0.302 Thread 0x000001c17bbee800 DEOPT UNPACKING pc=0x000001c10004a95e sp=0x0000003d424fc2f0 mode 0
Event: 0.302 Thread 0x000001c17bbee800 DEOPT PACKING pc=0x000001c1005cdea8 sp=0x0000003d424fce20
Event: 0.302 Thread 0x000001c17bbee800 DEOPT UNPACKING pc=0x000001c10004a95e sp=0x0000003d424fc2f0 mode 0
Event: 0.302 Thread 0x000001c17bbee800 DEOPT PACKING pc=0x000001c1005cdea8 sp=0x0000003d424fce20
Event: 0.302 Thread 0x000001c17bbee800 DEOPT UNPACKING pc=0x000001c10004a95e sp=0x0000003d424fc2f0 mode 0
Event: 0.303 Thread 0x000001c17bbee800 DEOPT PACKING pc=0x000001c1005cdea8 sp=0x0000003d424fce20
Event: 0.303 Thread 0x000001c17bbee800 DEOPT UNPACKING pc=0x000001c10004a95e sp=0x0000003d424fc2f0 mode 0
Event: 0.304 Thread 0x000001c17bbee800 DEOPT PACKING pc=0x000001c1005cdea8 sp=0x0000003d424fce20
Event: 0.304 Thread 0x000001c17bbee800 DEOPT UNPACKING pc=0x000001c10004a95e sp=0x0000003d424fc2f0 mode 0
Event: 0.304 Thread 0x000001c17bbee800 DEOPT PACKING pc=0x000001c1005cdea8 sp=0x0000003d424fce20
Event: 0.304 Thread 0x000001c17bbee800 DEOPT UNPACKING pc=0x000001c10004a95e sp=0x0000003d424fc2f0 mode 0
Event: 0.305 Thread 0x000001c17bbee800 DEOPT PACKING pc=0x000001c1005cdea8 sp=0x0000003d424fce20
Event: 0.305 Thread 0x000001c17bbee800 DEOPT UNPACKING pc=0x000001c10004a95e sp=0x0000003d424fc2f0 mode 0
Event: 0.305 Thread 0x000001c17bbee800 DEOPT PACKING pc=0x000001c1005cdea8 sp=0x0000003d424fce20
Event: 0.305 Thread 0x000001c17bbee800 DEOPT UNPACKING pc=0x000001c10004a95e sp=0x0000003d424fc2f0 mode 0

Classes redefined (0 events):
No events

Internal exceptions (0 events):
No events

Events (20 events):
Event: 0.310 loading class java/util/Spliterator$OfInt done
Event: 0.310 loading class java/util/Spliterators$EmptySpliterator$OfInt done
Event: 0.310 loading class java/util/Spliterators$EmptySpliterator$OfLong
Event: 0.310 loading class java/util/Spliterator$OfLong
Event: 0.311 loading class java/util/Spliterator$OfLong done
Event: 0.311 loading class java/util/Spliterators$EmptySpliterator$OfLong done
Event: 0.311 loading class java/util/Spliterators$EmptySpliterator$OfDouble
Event: 0.311 loading class java/util/Spliterator$OfDouble
Event: 0.311 loading class java/util/Spliterator$OfDouble done
Event: 0.311 loading class java/util/Spliterators$EmptySpliterator$OfDouble done
Event: 0.311 loading class java/util/Spliterators$ArraySpliterator
Event: 0.311 loading class java/util/Spliterators$ArraySpliterator done
Event: 0.311 loading class java/util/stream/StreamSupport
Event: 0.311 loading class java/util/stream/StreamSupport done
Event: 0.311 loading class java/util/stream/ReferencePipeline$Head
Event: 0.311 loading class java/util/stream/ReferencePipeline
Event: 0.311 loading class java/util/stream/Stream
Event: 0.311 loading class java/util/stream/BaseStream
Event: 0.312 loading class java/util/stream/BaseStream done
Event: 0.312 Executing VM operation: CollectForMetadataAllocation


Dynamic libraries:
0x00007ff776770000 - 0x00007ff77677a000 	C:\Program Files\JetBrains\JetBrains Rider 2021.3.4\jbr\bin\java.exe
0x00007ffda0990000 - 0x00007ffda0b85000 	C:\Windows\SYSTEM32\ntdll.dll
0x00007ffda02c0000 - 0x00007ffda037e000 	C:\Windows\System32\KERNEL32.DLL
0x00007ffd9e4d0000 - 0x00007ffd9e798000 	C:\Windows\System32\KERNELBASE.dll
0x00007ffd9e830000 - 0x00007ffd9e930000 	C:\Windows\System32\ucrtbase.dll
0x00007ffcf9170000 - 0x00007ffcf9186000 	C:\Program Files\JetBrains\JetBrains Rider 2021.3.4\jbr\bin\VCRUNTIME140.dll
0x00007ffcf80c0000 - 0x00007ffcf80d9000 	C:\Program Files\JetBrains\JetBrains Rider 2021.3.4\jbr\bin\jli.dll
0x00007ffd9f1f0000 - 0x00007ffd9f391000 	C:\Windows\System32\USER32.dll
0x00007ffd9e800000 - 0x00007ffd9e822000 	C:\Windows\System32\win32u.dll
0x00007ffd8b990000 - 0x00007ffd8bc2a000 	C:\Windows\WinSxS\amd64_microsoft.windows.common-controls_6595b64144ccf1df_6.0.19041.1110_none_60b5254171f9507e\COMCTL32.dll
0x00007ffda0920000 - 0x00007ffda094b000 	C:\Windows\System32\GDI32.dll
0x00007ffda0490000 - 0x00007ffda052e000 	C:\Windows\System32\msvcrt.dll
0x00007ffd9e0a0000 - 0x00007ffd9e1ad000 	C:\Windows\System32\gdi32full.dll
0x00007ffd9e930000 - 0x00007ffd9e9cd000 	C:\Windows\System32\msvcp_win.dll
0x00007ffd9f550000 - 0x00007ffd9f580000 	C:\Windows\System32\IMM32.DLL
0x00007ffcf6fe0000 - 0x00007ffcf708a000 	C:\Program Files\JetBrains\JetBrains Rider 2021.3.4\jbr\bin\msvcp140.dll
0x00007ffd42a50000 - 0x00007ffd435da000 	C:\Program Files\JetBrains\JetBrains Rider 2021.3.4\jbr\bin\server\jvm.dll
0x00007ffda03e0000 - 0x00007ffda048e000 	C:\Windows\System32\ADVAPI32.dll
0x00007ffda0160000 - 0x00007ffda01fc000 	C:\Windows\System32\sechost.dll
0x00007ffda0700000 - 0x00007ffda0825000 	C:\Windows\System32\RPCRT4.dll
0x00007ffda0660000 - 0x00007ffda0668000 	C:\Windows\System32\PSAPI.DLL
0x00007ffd99b80000 - 0x00007ffd99b89000 	C:\Windows\SYSTEM32\WSOCK32.dll
0x00007ffd8f2c0000 - 0x00007ffd8f2ca000 	C:\Windows\SYSTEM32\VERSION.dll
0x00007ffd87f70000 - 0x00007ffd87f97000 	C:\Windows\SYSTEM32\WINMM.dll
0x00007ffd9f580000 - 0x00007ffd9f5eb000 	C:\Windows\System32\WS2_32.dll
0x00007ffd9c950000 - 0x00007ffd9c962000 	C:\Windows\SYSTEM32\kernel.appcore.dll
0x00007ffd99b90000 - 0x00007ffd99ba1000 	C:\Program Files\JetBrains\JetBrains Rider 2021.3.4\jbr\bin\verify.dll
0x00007ffd7d0a0000 - 0x00007ffd7d284000 	C:\Windows\SYSTEM32\DBGHELP.DLL
0x00007ffd7d070000 - 0x00007ffd7d09c000 	C:\Windows\SYSTEM32\dbgcore.DLL
0x00007ffd9e1b0000 - 0x00007ffd9e232000 	C:\Windows\System32\bcryptPrimitives.dll
0x00007ffd96a60000 - 0x00007ffd96a89000 	C:\Program Files\JetBrains\JetBrains Rider 2021.3.4\jbr\bin\java.dll
0x00007ffd99b70000 - 0x00007ffd99b7b000 	C:\Program Files\JetBrains\JetBrains Rider 2021.3.4\jbr\bin\jimage.dll
0x00007ffd98490000 - 0x00007ffd984a9000 	C:\Program Files\JetBrains\JetBrains Rider 2021.3.4\jbr\bin\zip.dll
0x00007ffd9fa00000 - 0x00007ffda0144000 	C:\Windows\System32\SHELL32.dll
0x00007ffd9c140000 - 0x00007ffd9c8d5000 	C:\Windows\SYSTEM32\windows.storage.dll
0x00007ffd9f5f0000 - 0x00007ffd9f945000 	C:\Windows\System32\combase.dll
0x00007ffd9daf0000 - 0x00007ffd9db1e000 	C:\Windows\SYSTEM32\Wldp.dll
0x00007ffd9ee50000 - 0x00007ffd9eefd000 	C:\Windows\System32\SHCORE.dll
0x00007ffda0200000 - 0x00007ffda0255000 	C:\Windows\System32\shlwapi.dll
0x00007ffd9dfe0000 - 0x00007ffd9dfff000 	C:\Windows\SYSTEM32\profapi.dll
0x00007ffd97af0000 - 0x00007ffd97b0a000 	C:\Program Files\JetBrains\JetBrains Rider 2021.3.4\jbr\bin\net.dll
0x00007ffd95dd0000 - 0x00007ffd95edc000 	C:\Windows\SYSTEM32\WINHTTP.dll
0x00007ffd9d850000 - 0x00007ffd9d8ba000 	C:\Windows\system32\mswsock.dll
0x00007ffd97230000 - 0x00007ffd97244000 	C:\Program Files\JetBrains\JetBrains Rider 2021.3.4\jbr\bin\nio.dll

dbghelp: loaded successfully - version: 4.0.5 - missing functions: none
symbol engine: initialized successfully - sym options: 0x614 - pdb path: .;C:\Program Files\JetBrains\JetBrains Rider 2021.3.4\jbr\bin;C:\Windows\SYSTEM32;C:\Windows\WinSxS\amd64_microsoft.windows.common-controls_6595b64144ccf1df_6.0.19041.1110_none_60b5254171f9507e;C:\Program Files\JetBrains\JetBrains Rider 2021.3.4\jbr\bin\server

VM Arguments:
java_command: git4idea.http.GitAskPassApp Password for 'https://x-oauth-basic@github.com': 
java_class_path (initial): C:/Program Files/JetBrains/JetBrains Rider 2021.3.4/plugins/git4idea/lib/git4idea-rt.jar;C:/Program Files/JetBrains/JetBrains Rider 2021.3.4/lib/3rd-party.jar;C:/Program Files/JetBrains/JetBrains Rider 2021.3.4/lib/3rd-party-rt.jar
Launcher Type: SUN_STANDARD

[Global flags]
     intx CICompilerCount                          = 4                                         {product} {ergonomic}
     uint ConcGCThreads                            = 2                                         {product} {ergonomic}
     uint G1ConcRefinementThreads                  = 8                                         {product} {ergonomic}
   size_t G1HeapRegionSize                         = 1048576                                   {product} {ergonomic}
    uintx GCDrainStackTargetSize                   = 64                                        {product} {ergonomic}
   size_t InitialHeapSize                          = 134217728                                 {product} {ergonomic}
   size_t MarkStackSize                            = 4194304                                   {product} {ergonomic}
   size_t MaxHeapSize                              = 2122317824                                {product} {ergonomic}
   size_t MaxNewSize                               = 1272971264                                {product} {ergonomic}
   size_t MinHeapDeltaBytes                        = 1048576                                   {product} {ergonomic}
    uintx NonNMethodCodeHeapSize                   = 5836300                                {pd product} {ergonomic}
    uintx NonProfiledCodeHeapSize                  = 122910970                              {pd product} {ergonomic}
    uintx ProfiledCodeHeapSize                     = 122910970                              {pd product} {ergonomic}
    uintx ReservedCodeCacheSize                    = 251658240                              {pd product} {ergonomic}
     bool SegmentedCodeCache                       = true                                      {product} {ergonomic}
     bool UseCompressedClassPointers               = true                                 {lp64_product} {ergonomic}
     bool UseCompressedOops                        = true                                 {lp64_product} {ergonomic}
     bool UseG1GC                                  = true                                      {product} {ergonomic}
     bool UseLargePagesIndividualAllocation        = false                                  {pd product} {ergonomic}

Logging:
Log output configuration:
 #0: stdout all=warning uptime,level,tags
 #1: stderr all=off uptime,level,tags

Environment Variables:
PATH=C:\Program Files\Git\mingw64\libexec\git-core;C:\Program Files\Git\mingw64\libexec\git-core;C:\Program Files\Git\mingw64\bin;C:\Program Files\Git\usr\bin;C:\Users\e580-david\bin;C:\Program Files (x86)\NVIDIA Corporation\PhysX\Common;C:\Program Files (x86)\Common Files\Oracle\Java\javapath;C:\Windows\system32;C:\Windows;C:\Windows\System32\Wbem;C:\Windows\System32\WindowsPowerShell\v1.0;C:\Windows\System32\OpenSSH;C:\Program Files\Microsoft SQL Server\Client SDK\ODBC\110\Tools\Binn;C:\Program Files (x86)\Microsoft SQL Server\120\Tools\Binn;C:\Program Files\Microsoft SQL Server\120\Tools\Binn;C:\Program Files\Microsoft SQL Server\120\DTS\Binn;C:\Program Files (x86)\Windows Kits\8.1\Windows Performance Toolkit;C:\Program Files\Git\cmd;C:\Program Files\dotnet;C:\Users\e580-david\AppData\Local\Microsoft\WindowsApps;C:\Program Files\JetBrains\JetBrains Rider 2021.3.4\bin;C:\Users\e580-david\.dotnet\tools
USERNAME=e580-david
DISPLAY=:0.0
LC_ALL=en_US.UTF-8
OS=Windows_NT
PROCESSOR_IDENTIFIER=Intel64 Family 6 Model 142 Stepping 10, GenuineIntel



---------------  S Y S T E M  ---------------

OS: Windows 10 , 64 bit Build 19041 (10.0.19041.1466)
OS uptime: 0 days 4:09 hours

CPU:total 8 (initial active 8) (4 cores per cpu, 2 threads per core) family 6 model 142 stepping 10 microcode 0xea, cmov, cx8, fxsr, mmx, sse, sse2, sse3, ssse3, sse4.1, sse4.2, popcnt, avx, avx2, clmul, erms, 3dnowpref, lzcnt, ht, tsc, tscinvbit, bmi1, bmi2, adx, fma

Memory: 4k page, system-wide physical 8088M (1180M free)
TotalPageFile size 12175M (AvailPageFile size 3M)
current process WorkingSet (physical memory assigned to process): 48M, peak: 48M
current process commit charge ("private bytes"): 208M, peak: 209M

vm_info: Dynamic Code Evolution 64-Bit Server VM (11.0.14.1+1-b1751.46) for windows-amd64 JRE (11.0.14.1+1-b1751.46), built on Feb 21 2022 14:51:12 by "" with MS VC++ 14.0 (VS2015)

END.
