#
# There is insufficient memory for the Java Runtime Environment to continue.
# Native memory allocation (mmap) failed to map 134217728 bytes for Failed to commit area from 0x0000000081800000 to 0x0000000089800000 of length 134217728.
# Possible reasons:
#   The system is out of physical RAM or swap space
#   The process is running with CompressedOops enabled, and the Java Heap may be blocking the growth of the native heap
# Possible solutions:
#   Reduce memory load on the system
#   Increase physical memory or swap space
#   Check if swap backing store is full
#   Decrease Java heap size (-Xmx/-Xms)
#   Decrease number of Java threads
#   Decrease Java thread stack sizes (-Xss)
#   Set larger code cache with -XX:ReservedCodeCacheSize=
# This output file may be truncated or incomplete.
#
#  Out of Memory Error (./src/hotspot/os/windows/os_windows.cpp:3624), pid=12664, tid=7952
#
# JRE version:  (11.0.14.1+1) (build )
# Java VM: Dynamic Code Evolution 64-Bit Server VM (11.0.14.1+1-b1751.46, mixed mode, sharing, tiered, compressed oops, g1 gc, windows-amd64)
# No core dump will be written. Minidumps are not enabled by default on client versions of Windows
#

---------------  S U M M A R Y ------------

Command Line: git4idea.http.GitAskPassApp Username for 'https://github.com': 

Host: Intel(R) Core(TM) i5-8250U CPU @ 1.60GHz, 8 cores, 7G,  Windows 10 , 64 bit Build 19041 (10.0.19041.1466)
Time: Sat Apr  2 15:46:15 2022 Mitteleuropäische Sommerzeit elapsed time: 0.015646 seconds (0d 0h 0m 0s)

---------------  T H R E A D  ---------------

Current thread (0x0000025f7ed04800):  JavaThread "Unknown thread" [_thread_in_vm, id=7952, stack(0x000000ff6c000000,0x000000ff6c100000)]

Stack: [0x000000ff6c000000,0x000000ff6c100000]
Native frames: (J=compiled Java code, j=interpreted, Vv=VM code, C=native code)
V  [jvm.dll+0x621e6a]
V  [jvm.dll+0x7a8cc0]
V  [jvm.dll+0x7aa2dd]
V  [jvm.dll+0x7aa9b3]
V  [jvm.dll+0x2514c8]
V  [jvm.dll+0x61eee4]
V  [jvm.dll+0x613be5]
V  [jvm.dll+0x31102b]
V  [jvm.dll+0x310f9a]
V  [jvm.dll+0x310e72]
V  [jvm.dll+0x315dc6]
V  [jvm.dll+0x3611d3]
V  [jvm.dll+0x3618d6]
V  [jvm.dll+0x3612d3]
V  [jvm.dll+0x2ea578]
V  [jvm.dll+0x2eb717]
V  [jvm.dll+0x785b47]
V  [jvm.dll+0x78741c]
V  [jvm.dll+0x36e779]
V  [jvm.dll+0x76982e]
V  [jvm.dll+0x3dcdf3]
V  [jvm.dll+0x3df341]
C  [jli.dll+0x536b]
C  [ucrtbase.dll+0x21bb2]
C  [KERNEL32.DLL+0x17034]
C  [ntdll.dll+0x52651]


---------------  P R O C E S S  ---------------

Threads class SMR info:
_java_thread_list=0x0000025f7cbaf210, length=0, elements={
}

Java Threads: ( => current thread )

Other Threads:
  0x0000025f7cc8c800 GCTaskThread "GC Thread#0" [stack: 0x000000ff6c100000,0x000000ff6c200000] [id=11612]
  0x0000025f7ed47000 ConcurrentGCThread "G1 Main Marker" [stack: 0x000000ff6c200000,0x000000ff6c300000] [id=11556]
  0x0000025f7ed49800 ConcurrentGCThread "G1 Conc#0" [stack: 0x000000ff6c300000,0x000000ff6c400000] [id=13952]

[error occurred during error reporting (printing all threads), id 0xc0000005, EXCEPTION_ACCESS_VIOLATION (0xc0000005) at pc=0x00007ffd42d4b087]

VM state:not at safepoint (not fully initialized)

VM Mutex/Monitor currently owned by a thread:  ([mutex/lock_event])
[0x0000025f7ed01980] Heap_lock - owner thread: 0x0000025f7ed04800

Heap address: 0x0000000081800000, size: 2024 MB, Compressed Oops mode: Non-zero based: 0x0000000081800000
Narrow klass base: 0x0000000000000000, Narrow klass shift: 0

GC Heap History (0 events):
No events

Deoptimization events (0 events):
No events

Classes redefined (0 events):
No events

Internal exceptions (0 events):
No events

Events (1 events):
Event: 0.010 Loaded shared library C:\Program Files\JetBrains\JetBrains Rider 2021.3.4\jbr\bin\zip.dll


Dynamic libraries:
0x00007ff66a960000 - 0x00007ff66a96a000 	C:\Program Files\JetBrains\JetBrains Rider 2021.3.4\jbr\bin\java.exe
0x00007ffda0990000 - 0x00007ffda0b85000 	C:\Windows\SYSTEM32\ntdll.dll
0x00007ffda02c0000 - 0x00007ffda037e000 	C:\Windows\System32\KERNEL32.DLL
0x00007ffd9e4d0000 - 0x00007ffd9e798000 	C:\Windows\System32\KERNELBASE.dll
0x00007ffd9e830000 - 0x00007ffd9e930000 	C:\Windows\System32\ucrtbase.dll
0x00007ffcf6d70000 - 0x00007ffcf6d86000 	C:\Program Files\JetBrains\JetBrains Rider 2021.3.4\jbr\bin\VCRUNTIME140.dll
0x00007ffd137f0000 - 0x00007ffd13809000 	C:\Program Files\JetBrains\JetBrains Rider 2021.3.4\jbr\bin\jli.dll
0x00007ffd9f1f0000 - 0x00007ffd9f391000 	C:\Windows\System32\USER32.dll
0x00007ffd9e800000 - 0x00007ffd9e822000 	C:\Windows\System32\win32u.dll
0x00007ffd8b990000 - 0x00007ffd8bc2a000 	C:\Windows\WinSxS\amd64_microsoft.windows.common-controls_6595b64144ccf1df_6.0.19041.1110_none_60b5254171f9507e\COMCTL32.dll
0x00007ffda0920000 - 0x00007ffda094b000 	C:\Windows\System32\GDI32.dll
0x00007ffd9e0a0000 - 0x00007ffd9e1ad000 	C:\Windows\System32\gdi32full.dll
0x00007ffda0490000 - 0x00007ffda052e000 	C:\Windows\System32\msvcrt.dll
0x00007ffd9e930000 - 0x00007ffd9e9cd000 	C:\Windows\System32\msvcp_win.dll
0x00007ffd9f550000 - 0x00007ffd9f580000 	C:\Windows\System32\IMM32.DLL
0x00007ffcf6cc0000 - 0x00007ffcf6d6a000 	C:\Program Files\JetBrains\JetBrains Rider 2021.3.4\jbr\bin\msvcp140.dll
0x00007ffd42a50000 - 0x00007ffd435da000 	C:\Program Files\JetBrains\JetBrains Rider 2021.3.4\jbr\bin\server\jvm.dll
0x00007ffda03e0000 - 0x00007ffda048e000 	C:\Windows\System32\ADVAPI32.dll
0x00007ffda0160000 - 0x00007ffda01fc000 	C:\Windows\System32\sechost.dll
0x00007ffda0700000 - 0x00007ffda0825000 	C:\Windows\System32\RPCRT4.dll
0x00007ffda0660000 - 0x00007ffda0668000 	C:\Windows\System32\PSAPI.DLL
0x00007ffd99b80000 - 0x00007ffd99b89000 	C:\Windows\SYSTEM32\WSOCK32.dll
0x00007ffd87f70000 - 0x00007ffd87f97000 	C:\Windows\SYSTEM32\WINMM.dll
0x00007ffd8f2c0000 - 0x00007ffd8f2ca000 	C:\Windows\SYSTEM32\VERSION.dll
0x00007ffd9f580000 - 0x00007ffd9f5eb000 	C:\Windows\System32\WS2_32.dll
0x00007ffd9c950000 - 0x00007ffd9c962000 	C:\Windows\SYSTEM32\kernel.appcore.dll
0x00007ffd99b40000 - 0x00007ffd99b51000 	C:\Program Files\JetBrains\JetBrains Rider 2021.3.4\jbr\bin\verify.dll
0x00007ffd7d0a0000 - 0x00007ffd7d284000 	C:\Windows\SYSTEM32\DBGHELP.DLL
0x00007ffd7d070000 - 0x00007ffd7d09c000 	C:\Windows\SYSTEM32\dbgcore.DLL
0x00007ffd9e1b0000 - 0x00007ffd9e232000 	C:\Windows\System32\bcryptPrimitives.dll
0x00007ffd8b830000 - 0x00007ffd8b859000 	C:\Program Files\JetBrains\JetBrains Rider 2021.3.4\jbr\bin\java.dll
0x00007ffd99be0000 - 0x00007ffd99beb000 	C:\Program Files\JetBrains\JetBrains Rider 2021.3.4\jbr\bin\jimage.dll
0x00007ffd97230000 - 0x00007ffd97249000 	C:\Program Files\JetBrains\JetBrains Rider 2021.3.4\jbr\bin\zip.dll

dbghelp: loaded successfully - version: 4.0.5 - missing functions: none
symbol engine: initialized successfully - sym options: 0x614 - pdb path: .;C:\Program Files\JetBrains\JetBrains Rider 2021.3.4\jbr\bin;C:\Windows\SYSTEM32;C:\Windows\WinSxS\amd64_microsoft.windows.common-controls_6595b64144ccf1df_6.0.19041.1110_none_60b5254171f9507e;C:\Program Files\JetBrains\JetBrains Rider 2021.3.4\jbr\bin\server

VM Arguments:
java_command: git4idea.http.GitAskPassApp Username for 'https://github.com': 
java_class_path (initial): C:/Program Files/JetBrains/JetBrains Rider 2021.3.4/plugins/git4idea/lib/git4idea-rt.jar;C:/Program Files/JetBrains/JetBrains Rider 2021.3.4/lib/3rd-party.jar;C:/Program Files/JetBrains/JetBrains Rider 2021.3.4/lib/3rd-party-rt.jar
Launcher Type: SUN_STANDARD

[Global flags]
     intx CICompilerCount                          = 4                                         {product} {ergonomic}
     uint ConcGCThreads                            = 2                                         {product} {ergonomic}
     uint G1ConcRefinementThreads                  = 8                                         {product} {ergonomic}
   size_t G1HeapRegionSize                         = 1048576                                   {product} {ergonomic}
    uintx GCDrainStackTargetSize                   = 64                                        {product} {ergonomic}
   size_t InitialHeapSize                          = 134217728                                 {product} {ergonomic}
   size_t MarkStackSize                            = 4194304                                   {product} {ergonomic}
   size_t MaxHeapSize                              = 2122317824                                {product} {ergonomic}
   size_t MinHeapDeltaBytes                        = 1048576                                   {product} {ergonomic}
    uintx NonNMethodCodeHeapSize                   = 5836300                                {pd product} {ergonomic}
    uintx NonProfiledCodeHeapSize                  = 122910970                              {pd product} {ergonomic}
    uintx ProfiledCodeHeapSize                     = 122910970                              {pd product} {ergonomic}
    uintx ReservedCodeCacheSize                    = 251658240                              {pd product} {ergonomic}
     bool SegmentedCodeCache                       = true                                      {product} {ergonomic}
     bool UseCompressedClassPointers               = true                                 {lp64_product} {ergonomic}
     bool UseCompressedOops                        = true                                 {lp64_product} {ergonomic}
     bool UseG1GC                                  = true                                      {product} {ergonomic}
     bool UseLargePagesIndividualAllocation        = false                                  {pd product} {ergonomic}

Logging:
Log output configuration:
 #0: stdout all=warning uptime,level,tags
 #1: stderr all=off uptime,level,tags

Environment Variables:
PATH=C:\Program Files\Git\mingw64\libexec\git-core;C:\Program Files\Git\mingw64\libexec\git-core;C:\Program Files\Git\mingw64\bin;C:\Program Files\Git\usr\bin;C:\Users\e580-david\bin;C:\Program Files (x86)\NVIDIA Corporation\PhysX\Common;C:\Program Files (x86)\Common Files\Oracle\Java\javapath;C:\Windows\system32;C:\Windows;C:\Windows\System32\Wbem;C:\Windows\System32\WindowsPowerShell\v1.0;C:\Windows\System32\OpenSSH;C:\Program Files\Microsoft SQL Server\Client SDK\ODBC\110\Tools\Binn;C:\Program Files (x86)\Microsoft SQL Server\120\Tools\Binn;C:\Program Files\Microsoft SQL Server\120\Tools\Binn;C:\Program Files\Microsoft SQL Server\120\DTS\Binn;C:\Program Files (x86)\Windows Kits\8.1\Windows Performance Toolkit;C:\Program Files\Git\cmd;C:\Program Files\dotnet;C:\Users\e580-david\AppData\Local\Microsoft\WindowsApps;C:\Program Files\JetBrains\JetBrains Rider 2021.3.4\bin;C:\Users\e580-david\.dotnet\tools
USERNAME=e580-david
DISPLAY=:0.0
LC_ALL=en_US.UTF-8
OS=Windows_NT
PROCESSOR_IDENTIFIER=Intel64 Family 6 Model 142 Stepping 10, GenuineIntel



---------------  S Y S T E M  ---------------

OS: Windows 10 , 64 bit Build 19041 (10.0.19041.1466)
OS uptime: 0 days 2:44 hours

CPU:total 8 (initial active 8) (4 cores per cpu, 2 threads per core) family 6 model 142 stepping 10 microcode 0xea, cmov, cx8, fxsr, mmx, sse, sse2, sse3, ssse3, sse4.1, sse4.2, popcnt, avx, avx2, clmul, erms, 3dnowpref, lzcnt, ht, tsc, tscinvbit, bmi1, bmi2, adx, fma

Memory: 4k page, system-wide physical 8088M (871M free)
TotalPageFile size 12172M (AvailPageFile size 40M)
current process WorkingSet (physical memory assigned to process): 10M, peak: 10M
current process commit charge ("private bytes"): 60M, peak: 187M

vm_info: Dynamic Code Evolution 64-Bit Server VM (11.0.14.1+1-b1751.46) for windows-amd64 JRE (11.0.14.1+1-b1751.46), built on Feb 21 2022 14:51:12 by "" with MS VC++ 14.0 (VS2015)

END.
